# JRE version: OpenJDK Runtime Environment Microsoft-11369865 (17.0.15+6) (build 17.0.15+6-LTS)
# Java VM: OpenJDK 64-Bit Server VM Microsoft-11369865 (17.0.15+6-LTS, mixed mode, sharing, tiered, compressed oops, compressed class ptrs, g1 gc, windows-amd64)
GC Precious Log:
 CPUs: 4 total, 4 available
 Memory: 3530M
 Large Page Support: Disabled
 NUMA Support: Disabled
 Compressed Oops: Enabled (32-bit)
 Heap Region Size: 1M
 Heap Min Capacity: 8M
 Heap Initial Capacity: 56M
 Heap Max Capacity: 884M
 Pre-touch: Disabled
 Parallel Workers: 4
 Concurrent Workers: 1
 Concurrent Refinement Workers: 4
 Periodic GC: Disabled
Heap:
 garbage-first heap   total 66560K, used 51100K [0x00000000c8c00000, 0x0000000100000000)
  region size 1024K, 18 young (18432K), 2 survivors (2048K)
 Metaspace       used 76204K, committed 76800K, reserved 1179648K
  class space    used 10585K, committed 10880K, reserved 1048576K
GC Heap History (20 events):
Event: 12.540 GC heap before
{Heap before GC invocations=11 (full 0):
 garbage-first heap   total 66560K, used 48486K [0x00000000c8c00000, 0x0000000100000000)
  region size 1024K, 29 young (29696K), 2 survivors (2048K)
 Metaspace       used 45933K, committed 46400K, reserved 1114112K
  class space    used 6013K, committed 6272K, reserved 1048576K
}
Event: 12.547 GC heap after
{Heap after GC invocations=12 (full 0):
 garbage-first heap   total 66560K, used 23755K [0x00000000c8c00000, 0x0000000100000000)
  region size 1024K, 4 young (4096K), 4 survivors (4096K)
 Metaspace       used 45933K, committed 46400K, reserved 1114112K
  class space    used 6013K, committed 6272K, reserved 1048576K
}
Event: 13.952 GC heap before
{Heap before GC invocations=12 (full 0):
 garbage-first heap   total 66560K, used 49355K [0x00000000c8c00000, 0x0000000100000000)
  region size 1024K, 30 young (30720K), 4 survivors (4096K)
 Metaspace       used 51786K, committed 52352K, reserved 1114112K
  class space    used 6774K, committed 7040K, reserved 1048576K
}
Event: 13.962 GC heap after
{Heap after GC invocations=13 (full 0):
 garbage-first heap   total 66560K, used 25886K [0x00000000c8c00000, 0x0000000100000000)
  region size 1024K, 3 young (3072K), 3 survivors (3072K)
 Metaspace       used 51786K, committed 52352K, reserved 1114112K
  class space    used 6774K, committed 7040K, reserved 1048576K
}
Event: 14.803 GC heap before
{Heap before GC invocations=13 (full 0):
 garbage-first heap   total 66560K, used 49438K [0x00000000c8c00000, 0x0000000100000000)
  region size 1024K, 27 young (27648K), 3 survivors (3072K)
 Metaspace       used 58593K, committed 59136K, reserved 1114112K
  class space    used 7861K, committed 8128K, reserved 1048576K
}
Event: 14.808 GC heap after
{Heap after GC invocations=14 (full 0):
 garbage-first heap   total 66560K, used 26515K [0x00000000c8c00000, 0x0000000100000000)
  region size 1024K, 3 young (3072K), 3 survivors (3072K)
 Metaspace       used 58593K, committed 59136K, reserved 1114112K
  class space    used 7861K, committed 8128K, reserved 1048576K
}
Event: 14.961 GC heap before
{Heap before GC invocations=14 (full 0):
 garbage-first heap   total 66560K, used 30611K [0x00000000c8c00000, 0x0000000100000000)
  region size 1024K, 9 young (9216K), 3 survivors (3072K)
 Metaspace       used 59925K, committed 60480K, reserved 1114112K
  class space    used 8051K, committed 8320K, reserved 1048576K
}
Event: 14.965 GC heap after
{Heap after GC invocations=15 (full 0):
 garbage-first heap   total 66560K, used 26743K [0x00000000c8c00000, 0x0000000100000000)
  region size 1024K, 2 young (2048K), 2 survivors (2048K)
 Metaspace       used 59925K, committed 60480K, reserved 1114112K
  class space    used 8051K, committed 8320K, reserved 1048576K
}
Event: 15.996 GC heap before
{Heap before GC invocations=16 (full 0):
 garbage-first heap   total 66560K, used 51319K [0x00000000c8c00000, 0x0000000100000000)
  region size 1024K, 27 young (27648K), 2 survivors (2048K)
 Metaspace       used 65227K, committed 65792K, reserved 1114112K
  class space    used 8832K, committed 9088K, reserved 1048576K
}
Event: 16.010 GC heap after
{Heap after GC invocations=17 (full 0):
 garbage-first heap   total 66560K, used 28807K [0x00000000c8c00000, 0x0000000100000000)
  region size 1024K, 4 young (4096K), 4 survivors (4096K)
 Metaspace       used 65227K, committed 65792K, reserved 1114112K
  class space    used 8832K, committed 9088K, reserved 1048576K
}
Event: 16.586 GC heap before
{Heap before GC invocations=18 (full 0):
 garbage-first heap   total 66560K, used 52359K [0x00000000c8c00000, 0x0000000100000000)
  region size 1024K, 27 young (27648K), 4 survivors (4096K)
 Metaspace       used 67237K, committed 67840K, reserved 1114112K
  class space    used 9261K, committed 9536K, reserved 1048576K
}
Event: 16.594 GC heap after
{Heap after GC invocations=19 (full 0):
 garbage-first heap   total 66560K, used 30746K [0x00000000c8c00000, 0x0000000100000000)
  region size 1024K, 2 young (2048K), 2 survivors (2048K)
 Metaspace       used 67237K, committed 67840K, reserved 1114112K
  class space    used 9261K, committed 9536K, reserved 1048576K
}
Event: 16.885 GC heap before
{Heap before GC invocations=19 (full 0):
 garbage-first heap   total 66560K, used 52250K [0x00000000c8c00000, 0x0000000100000000)
  region size 1024K, 23 young (23552K), 2 survivors (2048K)
 Metaspace       used 69016K, committed 69632K, reserved 1114112K
  class space    used 9639K, committed 9920K, reserved 1048576K
}
Event: 16.889 GC heap after
{Heap after GC invocations=20 (full 0):
 garbage-first heap   total 66560K, used 31467K [0x00000000c8c00000, 0x0000000100000000)
  region size 1024K, 2 young (2048K), 2 survivors (2048K)
 Metaspace       used 69016K, committed 69632K, reserved 1114112K
  class space    used 9639K, committed 9920K, reserved 1048576K
}
Event: 17.605 GC heap before
{Heap before GC invocations=20 (full 0):
 garbage-first heap   total 66560K, used 50923K [0x00000000c8c00000, 0x0000000100000000)
  region size 1024K, 22 young (22528K), 2 survivors (2048K)
 Metaspace       used 70492K, committed 71168K, reserved 1114112K
  class space    used 9826K, committed 10176K, reserved 1048576K
}
Event: 17.616 GC heap after
{Heap after GC invocations=21 (full 0):
 garbage-first heap   total 66560K, used 31766K [0x00000000c8c00000, 0x0000000100000000)
  region size 1024K, 2 young (2048K), 2 survivors (2048K)
 Metaspace       used 70492K, committed 71168K, reserved 1114112K
  class space    used 9826K, committed 10176K, reserved 1048576K
}
Event: 18.689 GC heap before
{Heap before GC invocations=22 (full 0):
 garbage-first heap   total 66560K, used 53270K [0x00000000c8c00000, 0x0000000100000000)
  region size 1024K, 23 young (23552K), 2 survivors (2048K)
 Metaspace       used 73083K, committed 73728K, reserved 1114112K
  class space    used 10184K, committed 10496K, reserved 1048576K
}
Event: 18.697 GC heap after
{Heap after GC invocations=23 (full 0):
 garbage-first heap   total 66560K, used 33800K [0x00000000c8c00000, 0x0000000100000000)
  region size 1024K, 3 young (3072K), 3 survivors (3072K)
 Metaspace       used 73083K, committed 73728K, reserved 1114112K
  class space    used 10184K, committed 10496K, reserved 1048576K
}
Event: 64.362 GC heap before
{Heap before GC invocations=23 (full 0):
 garbage-first heap   total 66560K, used 53256K [0x00000000c8c00000, 0x0000000100000000)
  region size 1024K, 22 young (22528K), 3 survivors (3072K)
 Metaspace       used 75898K, committed 76544K, reserved 1179648K
  class space    used 10584K, committed 10880K, reserved 1048576K
}
Event: 64.539 GC heap after
{Heap after GC invocations=24 (full 0):
 garbage-first heap   total 66560K, used 35740K [0x00000000c8c00000, 0x0000000100000000)
  region size 1024K, 2 young (2048K), 2 survivors (2048K)
 Metaspace       used 75898K, committed 76544K, reserved 1179648K
  class space    used 10584K, committed 10880K, reserved 1048576K
}

