# JRE version: OpenJDK Runtime Environment Microsoft-11369865 (17.0.15+6) (build 17.0.15+6-LTS)
# Java VM: OpenJDK 64-Bit Server VM Microsoft-11369865 (17.0.15+6-LTS, mixed mode, sharing, tiered, compressed oops, compressed class ptrs, g1 gc, windows-amd64)
GC Precious Log:
 CPUs: 4 total, 4 available
 Memory: 3530M
 Large Page Support: Disabled
 NUMA Support: Disabled
 Compressed Oops: Enabled (32-bit)
 Heap Region Size: 1M
 Heap Min Capacity: 8M
 Heap Initial Capacity: 56M
 Heap Max Capacity: 884M
 Pre-touch: Disabled
 Parallel Workers: 4
 Concurrent Workers: 1
 Concurrent Refinement Workers: 4
 Periodic GC: Disabled
Heap:
 garbage-first heap   total 66560K, used 38745K [0x00000000c8c00000, 0x0000000100000000)
  region size 1024K, 3 young (3072K), 2 survivors (2048K)
 Metaspace       used 83692K, committed 84416K, reserved 1179648K
  class space    used 11597K, committed 11968K, reserved 1048576K
GC Heap History (20 events):
Event: 19.429 GC heap before
{Heap before GC invocations=22 (full 0):
 garbage-first heap   total 58368K, used 42577K [0x00000000c8c00000, 0x0000000100000000)
  region size 1024K, 14 young (14336K), 1 survivors (1024K)
 Metaspace       used 69101K, committed 69696K, reserved 1114112K
  class space    used 9647K, committed 9920K, reserved 1048576K
}
Event: 19.433 GC heap after
{Heap after GC invocations=23 (full 0):
 garbage-first heap   total 58368K, used 33044K [0x00000000c8c00000, 0x0000000100000000)
  region size 1024K, 2 young (2048K), 2 survivors (2048K)
 Metaspace       used 69101K, committed 69696K, reserved 1114112K
  class space    used 9647K, committed 9920K, reserved 1048576K
}
Event: 19.511 GC heap before
{Heap before GC invocations=23 (full 0):
 garbage-first heap   total 58368K, used 46356K [0x00000000c8c00000, 0x0000000100000000)
  region size 1024K, 15 young (15360K), 2 survivors (2048K)
 Metaspace       used 69105K, committed 69696K, reserved 1114112K
  class space    used 9647K, committed 9920K, reserved 1048576K
}
Event: 19.516 GC heap after
{Heap after GC invocations=24 (full 0):
 garbage-first heap   total 58368K, used 34086K [0x00000000c8c00000, 0x0000000100000000)
  region size 1024K, 1 young (1024K), 1 survivors (1024K)
 Metaspace       used 69105K, committed 69696K, reserved 1114112K
  class space    used 9647K, committed 9920K, reserved 1048576K
}
Event: 20.399 GC heap before
{Heap before GC invocations=25 (full 0):
 garbage-first heap   total 61440K, used 44326K [0x00000000c8c00000, 0x0000000100000000)
  region size 1024K, 12 young (12288K), 1 survivors (1024K)
 Metaspace       used 69697K, committed 70272K, reserved 1114112K
  class space    used 9696K, committed 9984K, reserved 1048576K
}
Event: 20.402 GC heap after
{Heap after GC invocations=26 (full 0):
 garbage-first heap   total 61440K, used 34200K [0x00000000c8c00000, 0x0000000100000000)
  region size 1024K, 1 young (1024K), 1 survivors (1024K)
 Metaspace       used 69697K, committed 70272K, reserved 1114112K
  class space    used 9696K, committed 9984K, reserved 1048576K
}
Event: 21.534 GC heap before
{Heap before GC invocations=26 (full 0):
 garbage-first heap   total 61440K, used 47512K [0x00000000c8c00000, 0x0000000100000000)
  region size 1024K, 15 young (15360K), 1 survivors (1024K)
 Metaspace       used 72070K, committed 72704K, reserved 1114112K
  class space    used 10046K, committed 10368K, reserved 1048576K
}
Event: 21.539 GC heap after
{Heap after GC invocations=27 (full 0):
 garbage-first heap   total 61440K, used 35222K [0x00000000c8c00000, 0x0000000100000000)
  region size 1024K, 2 young (2048K), 2 survivors (2048K)
 Metaspace       used 72070K, committed 72704K, reserved 1114112K
  class space    used 10046K, committed 10368K, reserved 1048576K
}
Event: 22.356 GC heap before
{Heap before GC invocations=28 (full 0):
 garbage-first heap   total 63488K, used 48534K [0x00000000c8c00000, 0x0000000100000000)
  region size 1024K, 15 young (15360K), 2 survivors (2048K)
 Metaspace       used 73900K, committed 74496K, reserved 1114112K
  class space    used 10319K, committed 10624K, reserved 1048576K
}
Event: 22.362 GC heap after
{Heap after GC invocations=29 (full 0):
 garbage-first heap   total 63488K, used 36694K [0x00000000c8c00000, 0x0000000100000000)
  region size 1024K, 2 young (2048K), 2 survivors (2048K)
 Metaspace       used 73900K, committed 74496K, reserved 1114112K
  class space    used 10319K, committed 10624K, reserved 1048576K
}
Event: 23.988 GC heap before
{Heap before GC invocations=29 (full 0):
 garbage-first heap   total 63488K, used 50006K [0x00000000c8c00000, 0x0000000100000000)
  region size 1024K, 15 young (15360K), 2 survivors (2048K)
 Metaspace       used 75825K, committed 76480K, reserved 1179648K
  class space    used 10586K, committed 10880K, reserved 1048576K
}
Event: 23.999 GC heap after
{Heap after GC invocations=30 (full 0):
 garbage-first heap   total 63488K, used 37919K [0x00000000c8c00000, 0x0000000100000000)
  region size 1024K, 2 young (2048K), 2 survivors (2048K)
 Metaspace       used 75825K, committed 76480K, reserved 1179648K
  class space    used 10586K, committed 10880K, reserved 1048576K
}
Event: 103.880 GC heap before
{Heap before GC invocations=31 (full 0):
 garbage-first heap   total 66560K, used 48159K [0x00000000c8c00000, 0x0000000100000000)
  region size 1024K, 14 young (14336K), 2 survivors (2048K)
 Metaspace       used 78892K, committed 79552K, reserved 1179648K
  class space    used 10985K, committed 11328K, reserved 1048576K
}
Event: 103.933 GC heap after
{Heap after GC invocations=32 (full 0):
 garbage-first heap   total 66560K, used 37660K [0x00000000c8c00000, 0x0000000100000000)
  region size 1024K, 1 young (1024K), 1 survivors (1024K)
 Metaspace       used 78892K, committed 79552K, reserved 1179648K
  class space    used 10985K, committed 11328K, reserved 1048576K
}
Event: 104.077 GC heap before
{Heap before GC invocations=32 (full 0):
 garbage-first heap   total 66560K, used 38684K [0x00000000c8c00000, 0x0000000100000000)
  region size 1024K, 3 young (3072K), 1 survivors (1024K)
 Metaspace       used 79475K, committed 80128K, reserved 1179648K
  class space    used 11057K, committed 11392K, reserved 1048576K
}
Event: 104.104 GC heap after
{Heap after GC invocations=33 (full 0):
 garbage-first heap   total 66560K, used 37018K [0x00000000c8c00000, 0x0000000100000000)
  region size 1024K, 1 young (1024K), 1 survivors (1024K)
 Metaspace       used 79475K, committed 80128K, reserved 1179648K
  class space    used 11057K, committed 11392K, reserved 1048576K
}
Event: 113.768 GC heap before
{Heap before GC invocations=33 (full 0):
 garbage-first heap   total 66560K, used 52378K [0x00000000c8c00000, 0x0000000100000000)
  region size 1024K, 17 young (17408K), 1 survivors (1024K)
 Metaspace       used 82852K, committed 83584K, reserved 1179648K
  class space    used 11545K, committed 11904K, reserved 1048576K
}
Event: 113.788 GC heap after
{Heap after GC invocations=34 (full 0):
 garbage-first heap   total 66560K, used 38471K [0x00000000c8c00000, 0x0000000100000000)
  region size 1024K, 2 young (2048K), 2 survivors (2048K)
 Metaspace       used 82852K, committed 83584K, reserved 1179648K
  class space    used 11545K, committed 11904K, reserved 1048576K
}
Event: 527.499 GC heap before
{Heap before GC invocations=35 (full 0):
 garbage-first heap   total 66560K, used 53831K [0x00000000c8c00000, 0x0000000100000000)
  region size 1024K, 17 young (17408K), 2 survivors (2048K)
 Metaspace       used 83691K, committed 84416K, reserved 1179648K
  class space    used 11597K, committed 11968K, reserved 1048576K
}
Event: 527.728 GC heap after
{Heap after GC invocations=36 (full 0):
 garbage-first heap   total 66560K, used 38745K [0x00000000c8c00000, 0x0000000100000000)
  region size 1024K, 2 young (2048K), 2 survivors (2048K)
 Metaspace       used 83691K, committed 84416K, reserved 1179648K
  class space    used 11597K, committed 11968K, reserved 1048576K
}

